ERROR:TeleBot:A request to the Telegram API was unsuccessful. Error code: 409. Description: Conflict: can't use getUpdates method while webhook is active; use deleteWebhook to delete the webhook first
ERROR:TeleBot:A request to the Telegram API was unsuccessful. Error code: 409. Description: Conflict: can't use getUpdates method while webhook is active; use deleteWebhook to delete the webhook first
ERROR:TeleBot:A request to the Telegram API was unsuccessful. Error code: 409. Description: Conflict: can't use getUpdates method while webhook is active; use deleteWebhook to delete the webhook first
ERROR:TeleBot:A request to the Telegram API was unsuccessful. Error code: 409. Description: Conflict: can't use getUpdates method while webhook is active; use deleteWebhook to delete the webhook first
ERROR:TeleBot:A request to the Telegram API was unsuccessful. Error code: 409. Description: Conflict: terminated by other getUpdates request; make sure that only one bot instance is running
ERROR:TeleBot:A request to the Telegram API was unsuccessful. Error code: 409. Description: Conflict: terminated by other getUpdates request; make sure that only one bot instance is running
ERROR:TeleBot:A request to the Telegram API was unsuccessful. Error code: 409. Description: Conflict: terminated by other getUpdates request; make sure that only one bot instance is running
ERROR:TeleBot:A request to the Telegram API was unsuccessful. Error code: 409. Description: Conflict: terminated by other getUpdates request; make sure that only one bot instance is running
ERROR:TeleBot:A request to the Telegram API was unsuccessful. Error code: 409. Description: Conflict: terminated by other getUpdates request; make sure that only one bot instance is running
ERROR:TeleBot:A request to the Telegram API was unsuccessful. Error code: 400. Description: Bad Request: can't parse inline keyboard button: Text buttons are unallowed in the inline keyboard
ERROR:TeleBot:A request to the Telegram API was unsuccessful. Error code: 400. Description: Bad Request: can't parse inline keyboard button: Text buttons are unallowed in the inline keyboard
ERROR:TeleBot:A request to the Telegram API was unsuccessful. Error code: 400. Description: Bad Request: can't parse inline keyboard button: Text buttons are unallowed in the inline keyboard
ERROR:TeleBot:A request to the Telegram API was unsuccessful. Error code: 400. Description: Bad Request: chat not found
ERROR:TeleBot:A request to the Telegram API was unsuccessful. Error code: 409. Description: Conflict: terminated by other getUpdates request; make sure that only one bot instance is running
ERROR:TeleBot:A request to the Telegram API was unsuccessful. Error code: 409. Description: Conflict: terminated by other getUpdates request; make sure that only one bot instance is running
ERROR:TeleBot:A request to the Telegram API was unsuccessful. Error code: 409. Description: Conflict: terminated by other getUpdates request; make sure that only one bot instance is running
ERROR:TeleBot:A request to the Telegram API was unsuccessful. Error code: 409. Description: Conflict: terminated by other getUpdates request; make sure that only one bot instance is running
ERROR:TeleBot:A request to the Telegram API was unsuccessful. Error code: 409. Description: Conflict: terminated by other getUpdates request; make sure that only one bot instance is running
ERROR:TeleBot:A request to the Telegram API was unsuccessful. Error code: 409. Description: Conflict: terminated by other getUpdates request; make sure that only one bot instance is running
ERROR:TeleBot:A request to the Telegram API was unsuccessful. Error code: 409. Description: Conflict: terminated by other getUpdates request; make sure that only one bot instance is running
ERROR:TeleBot:A request to the Telegram API was unsuccessful. Error code: 409. Description: Conflict: terminated by other getUpdates request; make sure that only one bot instance is running
ERROR:TeleBot:A request to the Telegram API was unsuccessful. Error code: 400. Description: Bad Request: reply markup is too long
WARNING:googleapiclient.http:Encountered 403 Forbidden with reason "parentNotAFolder"
ERROR:TeleBot:A request to the Telegram API was unsuccessful. Error code: 502. Description: Bad Gateway
ERROR:TeleBot:A request to the Telegram API was unsuccessful. Error code: 502. Description: Bad Gateway
ERROR:TeleBot:A request to the Telegram API was unsuccessful. Error code: 502. Description: Bad Gateway
ERROR:TeleBot:A request to the Telegram API was unsuccessful. Error code: 502. Description: Bad Gateway
ERROR:TeleBot:A request to the Telegram API was unsuccessful. Error code: 502. Description: Bad Gateway
WARNING:googleapiclient.http:Encountered 403 Forbidden with reason "parentNotAFolder"
WARNING:googleapiclient.http:Encountered 403 Forbidden with reason "parentNotAFolder"
WARNING:googleapiclient.http:Encountered 403 Forbidden with reason "parentNotAFolder"
WARNING:googleapiclient.http:Encountered 403 Forbidden with reason "parentNotAFolder"
WARNING:googleapiclient.http:Encountered 403 Forbidden with reason "parentNotAFolder"
